<?xml version="1.0" encoding="UTF-8"?>
<testng-results ignored="0" total="1" passed="1" failed="0" skipped="0">
  <reporter-output>
  </reporter-output>
  <suite started-at="2025-08-25T16:23:10 IST" name="Default suite" finished-at="2025-08-25T16:23:16 IST" duration-ms="5947">
    <groups>
    </groups>
    <test started-at="2025-08-25T16:23:10 IST" name="Default test" finished-at="2025-08-25T16:23:16 IST" duration-ms="5947">
      <class name="TestDatapack.MyTestcases">
        <test-method is-config="true" signature="Open()[pri:0, instance:TestDatapack.MyTestcases@3c3d9b6b]" started-at="2025-08-25T16:23:10 IST" name="Open" finished-at="2025-08-25T16:23:12 IST" duration-ms="2015" status="PASS">
          <reporter-output>
          </reporter-output>
        </test-method> <!-- Open -->
        <test-method signature="Login()[pri:0, instance:TestDatapack.MyTestcases@3c3d9b6b]" started-at="2025-08-25T16:23:12 IST" name="Login" finished-at="2025-08-25T16:23:16 IST" duration-ms="3858" status="PASS">
          <reporter-output>
          </reporter-output>
        </test-method> <!-- Login -->
      </class> <!-- TestDatapack.MyTestcases -->
    </test> <!-- Default test -->
  </suite> <!-- Default suite -->
</testng-results>
